Arguments: 
  /usr/bin/node /usr/local/bin/yarn add live-server@1.2.0

PATH: 
  /tmp/.mount_hyper-b4EsQU/app:/tmp/.mount_hyper-b4EsQU/usr/sbin:/usr/local/sbin:/usr/local/bin:/usr/sbin:/usr/bin:/sbin:/bin:/usr/games:/usr/local/games

Yarn version: 
  1.7.0

Node version: 
  8.10.0

Platform: 
  linux x64

Trace: 
  Error: EACCES: permission denied, mkdir '/home/viu/vishnu_projects/css/starter/node_modules/accepts'

npm manifest: 
  {
    "name": "natours",
    "version": "1.0.0",
    "description": "Landing page for natours",
    "main": "index.js",
    "scripts": {
      "watch:sass": "node-sass sass/main.scss css/style.css -w",
      "devserver": "live-server",
      "start": "npm-run-all --parallel devserver watch:sass",
      
      "compile:sass": "node-sass sass/main.scss css/style.comp.css",
      "prefix:css": "postcss --use autoprefixer -b 'last 10 versions' css/style.concat.css -o css/style.prefix.css",
      "compress:css": "node-sass css/style.prefix.css css/style.css --output-style compressed",
      "build:css": "npm-run-all compile:sass concat:css prefix:css compress:css"
    },
    "author": "Jonas",
    "license": "ISC",
    "devDependencies": {
      "autoprefixer": "^7.1.4",
      "concat": "^1.0.3",
      "node-sass": "^4.5.3",
      "npm-run-all": "^4.1.1",
      "postcss-cli": "^4.1.1"
    }
  }

yarn manifest: 
  No manifest

Lockfile: 
  No lockfile
